{"message": "error while showing the user", "class_name": "RegistrationAPIView", "request_method": "GET", "method_name": "get", "errors": "division by zero"}
{"message": "error while showing the user", "class_name": "RegistrationAPIView", "request_method": "GET", "method_name": "get", "errors": "UserDetails matching query does not exist."}
{"message": "error while showing the user", "class_name": "RegistrationAPIView", "request_method": "GET", "method_name": "get", "errors": "UserDetails matching query does not exist."}
{"message": "error while showing the user", "class_name": "RegistrationAPIView", "request_method": "GET", "method_name": "get", "errors": "UserDetails matching query does not exist."}
{"message": "error while showing the user", "class_name": "RegistrationAPIView", "request_method": "GET", "method_name": "get", "errors": "UserDetails matching query does not exist."}
{"message": "error while showing the user", "class_name": "RegistrationAPIView", "request_method": "GET", "method_name": "get", "errors": "UserDetails matching query does not exist."}
{
    "message": "error while showing the user",
    "class_name": "RegistrationAPIView",
    "request_method": "GET",
    "method_name": "get",
    "errors": "UserDetails matching query does not exist.",
    "timestamp": "2022-01-17T10:30:57.271808Z",
    "level": "ERROR",
    "threadName": "Thread-1",
    "processName": "MainProcess",
    "msecs": 271.56734466552734,
    "process": 38584,
    "filename": "views.py",
    "funcName": "get",
    "lineno": 26,
    "name": "project_management"
}
{
    "message": "error while showing the user",
    "class_name": "RegistrationAPIView",
    "request_method": "GET",
    "method_name": "get",
    "errors": "UserDetails matching query does not exist.",
    "timestamp": "2022-01-17T10:38:29.699285Z",
    "level": "ERROR",
    "threadName": "Thread-1",
    "processName": "MainProcess",
    "msecs": 814.6581649780273,
    "process": 39205,
    "filename": "views.py",
    "funcName": "get",
    "lineno": 26,
    "name": "project_management"
}
{
    "message": "error while showing the user",
    "class_name": "RegistrationAPIView",
    "request_method": "GET",
    "method_name": "get",
    "errors": "UserDetails matching query does not exist.",
    "timestamp": "2022-01-17T10:38:33.958821Z",
    "level": "ERROR",
    "threadName": "Thread-1",
    "processName": "MainProcess",
    "msecs": 958.5661888122559,
    "process": 39417,
    "filename": "views.py",
    "funcName": "get",
    "lineno": 26,
    "name": "project_management"
}
{
    "message": "error while showing the user",
    "class_name": "RegistrationAPIView",
    "request_method": "GET",
    "method_name": "get",
    "errors": "UserDetails matching query does not exist.",
    "timestamp": "2022-01-17T11:19:58.225890Z",
    "level": "ERROR",
    "threadName": "Thread-2",
    "processName": "MainProcess",
    "msecs": 225.53324699401855,
    "process": 45118,
    "filename": "views.py",
    "funcName": "get",
    "lineno": 27,
    "name": "project_management"
}
{
    "message": "error while creating the user",
    "class_name": "RegistrationAPIView",
    "request_method": "POST",
    "method_name": "post",
    "errors": "duplicate key value violates unique constraint \"accounts_user_username_key\"\nDETAIL:  Key (username)=() already exists.\n",
    "timestamp": "2022-01-17T11:23:44.650788Z",
    "level": "ERROR",
    "threadName": "Thread-4",
    "processName": "MainProcess",
    "msecs": 650.5892276763916,
    "process": 45650,
    "filename": "views.py",
    "funcName": "post",
    "lineno": 47,
    "name": "project_management"
}
{
    "message": "error while creating the user",
    "class_name": "RegistrationAPIView",
    "request_method": "POST",
    "method_name": "post",
    "errors": "Direct assignment to the forward side of a many-to-many set is prohibited. Use technology_stack.set() instead.",
    "timestamp": "2022-01-17T11:25:46.840810Z",
    "level": "ERROR",
    "threadName": "Thread-4",
    "processName": "MainProcess",
    "msecs": 840.6200408935547,
    "process": 45650,
    "filename": "views.py",
    "funcName": "post",
    "lineno": 47,
    "name": "project_management"
}
{
    "message": "error while creating the user",
    "class_name": "RegistrationAPIView",
    "request_method": "POST",
    "method_name": "post",
    "errors": "Direct assignment to the forward side of a many-to-many set is prohibited. Use technology_stack.set() instead.",
    "timestamp": "2022-01-17T11:26:12.984790Z",
    "level": "ERROR",
    "threadName": "Thread-2",
    "processName": "MainProcess",
    "msecs": 984.5902919769287,
    "process": 45898,
    "filename": "views.py",
    "funcName": "post",
    "lineno": 47,
    "name": "project_management"
}
{
    "message": "error while creating the user",
    "class_name": "RegistrationAPIView",
    "request_method": "POST",
    "method_name": "post",
    "errors": "duplicate key value violates unique constraint \"accounts_user_username_key\"\nDETAIL:  Key (username)=() already exists.\n",
    "timestamp": "2022-01-17T11:29:16.873003Z",
    "level": "ERROR",
    "threadName": "Thread-2",
    "processName": "MainProcess",
    "msecs": 872.6871013641357,
    "process": 46174,
    "filename": "views.py",
    "funcName": "post",
    "lineno": 47,
    "name": "project_management"
}
{
    "message": "error while showing the user",
    "class_name": "RegistrationAPIView",
    "request_method": "GET",
    "method_name": "get",
    "errors": "UserDetails matching query does not exist.",
    "timestamp": "2022-01-19T05:59:49.708634Z",
    "level": "ERROR",
    "threadName": "Thread-2",
    "processName": "MainProcess",
    "msecs": 708.2395553588867,
    "process": 24173,
    "filename": "views.py",
    "funcName": "get",
    "lineno": 31,
    "name": "project_management"
}
{
    "message": "error while showing the user",
    "class_name": "RegistrationAPIView",
    "request_method": "GET",
    "method_name": "get",
    "errors": "UserDetails matching query does not exist.",
    "timestamp": "2022-01-19T05:59:54.724356Z",
    "level": "ERROR",
    "threadName": "Thread-2",
    "processName": "MainProcess",
    "msecs": 724.1382598876953,
    "process": 24173,
    "filename": "views.py",
    "funcName": "get",
    "lineno": 31,
    "name": "project_management"
}
{
    "message": "error while showing the user",
    "class_name": "RegistrationAPIView",
    "request_method": "GET",
    "method_name": "get",
    "errors": "UserDetails matching query does not exist.",
    "timestamp": "2022-01-24T05:12:53.678488Z",
    "level": "ERROR",
    "threadName": "Thread-2",
    "processName": "MainProcess",
    "msecs": 678.2181262969971,
    "process": 11486,
    "filename": "views.py",
    "funcName": "get",
    "lineno": 31,
    "name": "project_management"
}
{
    "message": "error while showing the user",
    "class_name": "RegistrationAPIView",
    "request_method": "GET",
    "method_name": "get",
    "errors": "'http_method'",
    "timestamp": "2022-01-24T05:34:15.887203Z",
    "level": "ERROR",
    "threadName": "Thread-2",
    "processName": "MainProcess",
    "msecs": 886.4686489105225,
    "process": 13157,
    "filename": "views.py",
    "funcName": "get",
    "lineno": 28,
    "name": "project_management"
}
{
    "message": "error while showing the user",
    "class_name": "RegistrationAPIView",
    "request_method": "GET",
    "method_name": "get",
    "errors": "'http_method'",
    "timestamp": "2022-01-24T05:34:17.087066Z",
    "level": "ERROR",
    "threadName": "Thread-3",
    "processName": "MainProcess",
    "msecs": 86.40551567077637,
    "process": 13157,
    "filename": "views.py",
    "funcName": "get",
    "lineno": 28,
    "name": "project_management"
}
{
    "message": "error while showing the user",
    "class_name": "RegistrationAPIView",
    "request_method": "GET",
    "method_name": "get",
    "errors": "'http_method'",
    "timestamp": "2022-01-24T05:34:17.727187Z",
    "level": "ERROR",
    "threadName": "Thread-4",
    "processName": "MainProcess",
    "msecs": 726.5455722808838,
    "process": 13157,
    "filename": "views.py",
    "funcName": "get",
    "lineno": 28,
    "name": "project_management"
}
{
    "message": "error while showing the user",
    "class_name": "RegistrationAPIView",
    "request_method": "GET",
    "method_name": "get",
    "errors": "'http_method'",
    "timestamp": "2022-01-24T05:34:18.167115Z",
    "level": "ERROR",
    "threadName": "Thread-5",
    "processName": "MainProcess",
    "msecs": 166.45526885986328,
    "process": 13157,
    "filename": "views.py",
    "funcName": "get",
    "lineno": 28,
    "name": "project_management"
}
{
    "message": "error while showing the user",
    "class_name": "RegistrationAPIView",
    "request_method": "GET",
    "method_name": "get",
    "errors": "'http_method'",
    "timestamp": "2022-01-24T05:34:18.479134Z",
    "level": "ERROR",
    "threadName": "Thread-6",
    "processName": "MainProcess",
    "msecs": 478.4891605377197,
    "process": 13157,
    "filename": "views.py",
    "funcName": "get",
    "lineno": 28,
    "name": "project_management"
}
{
    "message": "error while showing the user",
    "class_name": "RegistrationAPIView",
    "request_method": "GET",
    "method_name": "get",
    "errors": "'http_method'",
    "timestamp": "2022-01-24T05:34:18.775142Z",
    "level": "ERROR",
    "threadName": "Thread-7",
    "processName": "MainProcess",
    "msecs": 774.4636535644531,
    "process": 13157,
    "filename": "views.py",
    "funcName": "get",
    "lineno": 28,
    "name": "project_management"
}
{
    "message": "error while showing the user",
    "class_name": "RegistrationAPIView",
    "request_method": "GET",
    "method_name": "get",
    "errors": "'http_method'",
    "timestamp": "2022-01-24T05:34:19.127125Z",
    "level": "ERROR",
    "threadName": "Thread-8",
    "processName": "MainProcess",
    "msecs": 126.48224830627441,
    "process": 13157,
    "filename": "views.py",
    "funcName": "get",
    "lineno": 28,
    "name": "project_management"
}
{
    "message": "error while showing the user",
    "class_name": "RegistrationAPIView",
    "request_method": "GET",
    "method_name": "get",
    "errors": "'http_method'",
    "timestamp": "2022-01-24T05:34:33.582639Z",
    "level": "ERROR",
    "threadName": "Thread-2",
    "processName": "MainProcess",
    "msecs": 582.4313163757324,
    "process": 13244,
    "filename": "views.py",
    "funcName": "get",
    "lineno": 28,
    "name": "project_management"
}
{
    "message": "error while showing the user",
    "class_name": "RegistrationAPIView",
    "request_method": "GET",
    "method_name": "get",
    "errors": "'http_method'",
    "timestamp": "2022-01-24T05:38:42.376578Z",
    "level": "ERROR",
    "threadName": "Thread-2",
    "processName": "MainProcess",
    "msecs": 376.3279914855957,
    "process": 13438,
    "filename": "views.py",
    "funcName": "get",
    "lineno": 28,
    "name": "project_management"
}
{
    "message": "error while showing the user",
    "class_name": "RegistrationAPIView",
    "request_method": "GET",
    "method_name": "get",
    "errors": "'http_method'",
    "timestamp": "2022-01-24T05:40:46.353670Z",
    "level": "ERROR",
    "threadName": "Thread-2",
    "processName": "MainProcess",
    "msecs": 353.41930389404297,
    "process": 13438,
    "filename": "views.py",
    "funcName": "get",
    "lineno": 28,
    "name": "project_management"
}
{
    "message": "error while showing the user",
    "class_name": "RegistrationAPIView",
    "request_method": "GET",
    "method_name": "get",
    "errors": "'http_method'",
    "timestamp": "2022-01-24T06:06:29.087532Z",
    "level": "ERROR",
    "threadName": "Thread-2",
    "processName": "MainProcess",
    "msecs": 87.2960090637207,
    "process": 15568,
    "filename": "views.py",
    "funcName": "get",
    "lineno": 30,
    "name": "project_management"
}
{
    "message": "error while showing the user",
    "class_name": "RegistrationAPIView",
    "request_method": "GET",
    "method_name": "get",
    "errors": "'http_method'",
    "timestamp": "2022-01-24T06:16:01.585148Z",
    "level": "ERROR",
    "threadName": "Thread-2",
    "processName": "MainProcess",
    "msecs": 584.5832824707031,
    "process": 16405,
    "filename": "views.py",
    "funcName": "get",
    "lineno": 30,
    "name": "project_management"
}
{
    "message": "error while showing the user",
    "class_name": "RegistrationAPIView",
    "request_method": "GET",
    "method_name": "get",
    "errors": "UserDetails matching query does not exist.",
    "timestamp": "2022-01-24T09:00:38.724037Z",
    "level": "ERROR",
    "threadName": "Thread-2",
    "processName": "MainProcess",
    "msecs": 723.6120700836182,
    "process": 29354,
    "filename": "views.py",
    "funcName": "get",
    "lineno": 30,
    "name": "project_management"
}
{
    "message": "error while creating the user",
    "class_name": "RegistrationAPIView",
    "request_method": "POST",
    "method_name": "post",
    "errors": "Reverse for 'email-verify' not found. 'email-verify' is not a valid view function or pattern name.",
    "timestamp": "2022-01-24T11:33:22.450599Z",
    "level": "ERROR",
    "threadName": "Thread-2",
    "processName": "MainProcess",
    "msecs": 450.43396949768066,
    "process": 41052,
    "filename": "views.py",
    "funcName": "post",
    "lineno": 76,
    "name": "project_management"
}
{
    "message": "error while creating the user",
    "class_name": "RegistrationAPIView",
    "request_method": "POST",
    "method_name": "post",
    "errors": "\"to\" argument must be a list or tuple",
    "timestamp": "2022-01-24T11:49:36.959691Z",
    "level": "ERROR",
    "threadName": "Thread-2",
    "processName": "MainProcess",
    "msecs": 959.5341682434082,
    "process": 42385,
    "filename": "views.py",
    "funcName": "post",
    "lineno": 76,
    "name": "project_management"
}
{
    "message": "error while creating the user",
    "class_name": "RegistrationAPIView",
    "request_method": "POST",
    "method_name": "post",
    "errors": "(535, b'5.7.8 Username and Password not accepted. Learn more at\\n5.7.8  https://support.google.com/mail/?p=BadCredentials d13sm11947189pgl.21 - gsmtp')",
    "timestamp": "2022-01-24T11:53:58.777874Z",
    "level": "ERROR",
    "threadName": "Thread-2",
    "processName": "MainProcess",
    "msecs": 777.6539325714111,
    "process": 42774,
    "filename": "views.py",
    "funcName": "post",
    "lineno": 76,
    "name": "project_management"
}
{
    "message": "error while creating the user",
    "class_name": "RegistrationAPIView",
    "request_method": "POST",
    "method_name": "post",
    "errors": "(535, b'5.7.8 Username and Password not accepted. Learn more at\\n5.7.8  https://support.google.com/mail/?p=BadCredentials z10sm16324798pfh.77 - gsmtp')",
    "timestamp": "2022-01-24T11:55:09.105006Z",
    "level": "ERROR",
    "threadName": "Thread-2",
    "processName": "MainProcess",
    "msecs": 104.36797142028809,
    "process": 42774,
    "filename": "views.py",
    "funcName": "post",
    "lineno": 76,
    "name": "project_management"
}
{
    "message": "error while creating the user",
    "class_name": "RegistrationAPIView",
    "request_method": "POST",
    "method_name": "post",
    "errors": "(535, b'5.7.8 Username and Password not accepted. Learn more at\\n5.7.8  https://support.google.com/mail/?p=BadCredentials ck21sm13003679pjb.51 - gsmtp')",
    "timestamp": "2022-01-24T12:21:39.699053Z",
    "level": "ERROR",
    "threadName": "Thread-5",
    "processName": "MainProcess",
    "msecs": 698.3308792114258,
    "process": 42774,
    "filename": "views.py",
    "funcName": "post",
    "lineno": 76,
    "name": "project_management"
}
{
    "message": "error while creating the user",
    "class_name": "RegistrationAPIView",
    "request_method": "POST",
    "method_name": "post",
    "errors": "send_registration_verify_email() missing 1 required positional argument: 'user'",
    "timestamp": "2022-01-25T10:27:23.134492Z",
    "level": "ERROR",
    "threadName": "Thread-7",
    "processName": "MainProcess",
    "msecs": 134.32645797729492,
    "process": 32626,
    "filename": "views.py",
    "funcName": "post",
    "lineno": 81,
    "name": "project_management"
}
{
    "message": "error while creating the user",
    "class_name": "RegistrationAPIView",
    "request_method": "POST",
    "method_name": "post",
    "errors": "type object 'EmailSend' has no attribute 'send'",
    "timestamp": "2022-01-25T10:30:09.251069Z",
    "level": "ERROR",
    "threadName": "Thread-2",
    "processName": "MainProcess",
    "msecs": 250.90503692626953,
    "process": 33058,
    "filename": "views.py",
    "funcName": "post",
    "lineno": 81,
    "name": "project_management"
}
{
    "message": "error while creating the user",
    "class_name": "RegistrationAPIView",
    "request_method": "POST",
    "method_name": "post",
    "errors": "duplicate key value violates unique constraint \"accounts_user_email_key\"\nDETAIL:  Key (email)=(abbasshaikh510@gmail.com) already exists.\n",
    "timestamp": "2022-01-25T10:43:49.498852Z",
    "level": "ERROR",
    "threadName": "Thread-2",
    "processName": "MainProcess",
    "msecs": 498.57306480407715,
    "process": 35071,
    "filename": "views.py",
    "funcName": "post",
    "lineno": 81,
    "name": "project_management"
}
{
    "message": "error while creating the user",
    "class_name": "RegistrationAPIView",
    "request_method": "POST",
    "method_name": "post",
    "errors": "duplicate key value violates unique constraint \"accounts_user_email_key\"\nDETAIL:  Key (email)=(abbasshaikh510@gmail.com) already exists.\n",
    "timestamp": "2022-01-25T10:43:53.174462Z",
    "level": "ERROR",
    "threadName": "Thread-2",
    "processName": "MainProcess",
    "msecs": 174.16858673095703,
    "process": 35071,
    "filename": "views.py",
    "funcName": "post",
    "lineno": 81,
    "name": "project_management"
}
{
    "message": "error while creating the user",
    "class_name": "RegistrationAPIView",
    "request_method": "POST",
    "method_name": "post",
    "errors": "duplicate key value violates unique constraint \"accounts_user_email_key\"\nDETAIL:  Key (email)=(abbasshaikh510@gmail.com) already exists.\n",
    "timestamp": "2022-01-25T10:43:56.694900Z",
    "level": "ERROR",
    "threadName": "Thread-2",
    "processName": "MainProcess",
    "msecs": 694.5385932922363,
    "process": 35071,
    "filename": "views.py",
    "funcName": "post",
    "lineno": 81,
    "name": "project_management"
}
{
    "message": "error while creating the user",
    "class_name": "RegistrationAPIView",
    "request_method": "POST",
    "method_name": "post",
    "errors": "Object of type Request is not JSON serializable",
    "timestamp": "2022-01-25T10:59:40.880348Z",
    "level": "ERROR",
    "threadName": "Thread-2",
    "processName": "MainProcess",
    "msecs": 880.1829814910889,
    "process": 36793,
    "filename": "views.py",
    "funcName": "post",
    "lineno": 83,
    "name": "project_management"
}
{
    "message": "error while creating the user",
    "class_name": "RegistrationAPIView",
    "request_method": "POST",
    "method_name": "post",
    "errors": "Object of type User is not JSON serializable",
    "timestamp": "2022-01-25T11:00:07.442405Z",
    "level": "ERROR",
    "threadName": "Thread-2",
    "processName": "MainProcess",
    "msecs": 442.2428607940674,
    "process": 36924,
    "filename": "views.py",
    "funcName": "post",
    "lineno": 83,
    "name": "project_management"
}
{
    "message": "error while creating the user",
    "class_name": "RegistrationAPIView",
    "request_method": "POST",
    "method_name": "post",
    "errors": "Object of type Request is not JSON serializable",
    "timestamp": "2022-01-25T11:05:01.502771Z",
    "level": "ERROR",
    "threadName": "Thread-2",
    "processName": "MainProcess",
    "msecs": 502.6090145111084,
    "process": 37778,
    "filename": "views.py",
    "funcName": "post",
    "lineno": 84,
    "name": "project_management"
}
{
    "message": "error while creating the user",
    "class_name": "RegistrationAPIView",
    "request_method": "POST",
    "method_name": "post",
    "errors": "Object of type Request is not JSON serializable",
    "timestamp": "2022-01-25T11:05:32.141751Z",
    "level": "ERROR",
    "threadName": "Thread-2",
    "processName": "MainProcess",
    "msecs": 141.585111618042,
    "process": 37851,
    "filename": "views.py",
    "funcName": "post",
    "lineno": 83,
    "name": "project_management"
}
{
    "message": "error while creating the user",
    "class_name": "RegistrationAPIView",
    "request_method": "POST",
    "method_name": "post",
    "errors": "Object of type User is not JSON serializable",
    "timestamp": "2022-01-25T11:05:46.412374Z",
    "level": "ERROR",
    "threadName": "Thread-2",
    "processName": "MainProcess",
    "msecs": 412.20831871032715,
    "process": 37888,
    "filename": "views.py",
    "funcName": "post",
    "lineno": 83,
    "name": "project_management"
}
{
    "message": "error while creating the user",
    "class_name": "RegistrationAPIView",
    "request_method": "POST",
    "method_name": "post",
    "errors": "Object of type Request is not JSON serializable",
    "timestamp": "2022-01-25T11:06:11.857986Z",
    "level": "ERROR",
    "threadName": "Thread-2",
    "processName": "MainProcess",
    "msecs": 857.7685356140137,
    "process": 37957,
    "filename": "views.py",
    "funcName": "post",
    "lineno": 83,
    "name": "project_management"
}
{
    "message": "error while creating the user",
    "class_name": "RegistrationAPIView",
    "request_method": "POST",
    "method_name": "post",
    "errors": "Object of type Request is not JSON serializable",
    "timestamp": "2022-01-25T11:06:53.713204Z",
    "level": "ERROR",
    "threadName": "Thread-2",
    "processName": "MainProcess",
    "msecs": 713.0391597747803,
    "process": 38075,
    "filename": "views.py",
    "funcName": "post",
    "lineno": 83,
    "name": "project_management"
}
{
    "message": "error while creating the user",
    "class_name": "RegistrationAPIView",
    "request_method": "POST",
    "method_name": "post",
    "errors": "Object of type Request is not JSON serializable",
    "timestamp": "2022-01-25T11:07:15.966662Z",
    "level": "ERROR",
    "threadName": "Thread-2",
    "processName": "MainProcess",
    "msecs": 966.4914608001709,
    "process": 38108,
    "filename": "views.py",
    "funcName": "post",
    "lineno": 83,
    "name": "project_management"
}
{
    "message": "error while creating the user",
    "class_name": "RegistrationAPIView",
    "request_method": "POST",
    "method_name": "post",
    "errors": "Object of type Request is not JSON serializable",
    "timestamp": "2022-01-25T11:12:18.895443Z",
    "level": "ERROR",
    "threadName": "Thread-2",
    "processName": "MainProcess",
    "msecs": 895.2791690826416,
    "process": 38464,
    "filename": "views.py",
    "funcName": "post",
    "lineno": 83,
    "name": "project_management"
}
{
    "message": "error while creating the user",
    "class_name": "RegistrationAPIView",
    "request_method": "POST",
    "method_name": "post",
    "errors": "Object of type Request is not JSON serializable",
    "timestamp": "2022-01-25T11:12:40.933827Z",
    "level": "ERROR",
    "threadName": "Thread-2",
    "processName": "MainProcess",
    "msecs": 933.6066246032715,
    "process": 38568,
    "filename": "views.py",
    "funcName": "post",
    "lineno": 83,
    "name": "project_management"
}
{
    "message": "error while creating the user",
    "class_name": "RegistrationAPIView",
    "request_method": "POST",
    "method_name": "post",
    "errors": "Object of type Request is not JSON serializable",
    "timestamp": "2022-01-25T11:13:19.252321Z",
    "level": "ERROR",
    "threadName": "Thread-2",
    "processName": "MainProcess",
    "msecs": 252.14600563049316,
    "process": 38645,
    "filename": "views.py",
    "funcName": "post",
    "lineno": 83,
    "name": "project_management"
}
{
    "message": "error while creating the user",
    "class_name": "RegistrationAPIView",
    "request_method": "POST",
    "method_name": "post",
    "errors": "Object of type Request is not JSON serializable",
    "timestamp": "2022-01-25T11:13:52.617091Z",
    "level": "ERROR",
    "threadName": "Thread-2",
    "processName": "MainProcess",
    "msecs": 616.9283390045166,
    "process": 38792,
    "filename": "views.py",
    "funcName": "post",
    "lineno": 83,
    "name": "project_management"
}
{
    "message": "error while creating the user",
    "class_name": "RegistrationAPIView",
    "request_method": "POST",
    "method_name": "post",
    "errors": "Object of type Request is not JSON serializable",
    "timestamp": "2022-01-25T11:20:12.531473Z",
    "level": "ERROR",
    "threadName": "Thread-2",
    "processName": "MainProcess",
    "msecs": 531.3169956207275,
    "process": 39340,
    "filename": "views.py",
    "funcName": "post",
    "lineno": 83,
    "name": "project_management"
}
{
    "message": "error while creating the user",
    "class_name": "RegistrationAPIView",
    "request_method": "POST",
    "method_name": "post",
    "errors": "Object of type User is not JSON serializable",
    "timestamp": "2022-01-25T11:25:40.238112Z",
    "level": "ERROR",
    "threadName": "Thread-2",
    "processName": "MainProcess",
    "msecs": 237.8826141357422,
    "process": 39962,
    "filename": "views.py",
    "funcName": "post",
    "lineno": 83,
    "name": "project_management"
}
{
    "message": "error while creating the user",
    "class_name": "RegistrationAPIView",
    "request_method": "POST",
    "method_name": "post",
    "errors": "Object of type User is not JSON serializable",
    "timestamp": "2022-01-25T13:27:59.850323Z",
    "level": "ERROR",
    "threadName": "Thread-2",
    "processName": "MainProcess",
    "msecs": 850.15869140625,
    "process": 47346,
    "filename": "views.py",
    "funcName": "post",
    "lineno": 86,
    "name": "project_management"
}
{
    "message": "error while creating the user",
    "class_name": "RegistrationAPIView",
    "request_method": "POST",
    "method_name": "post",
    "errors": "Object of type Request is not JSON serializable",
    "timestamp": "2022-01-25T13:39:01.839559Z",
    "level": "ERROR",
    "threadName": "Thread-2",
    "processName": "MainProcess",
    "msecs": 839.3328189849854,
    "process": 48320,
    "filename": "views.py",
    "funcName": "post",
    "lineno": 86,
    "name": "project_management"
}
{
    "message": "error while creating the user",
    "class_name": "RegistrationAPIView",
    "request_method": "POST",
    "method_name": "post",
    "errors": "duplicate key value violates unique constraint \"accounts_user_email_key\"\nDETAIL:  Key (email)=(abbasshaikh510@gmail.com) already exists.\n",
    "timestamp": "2022-01-25T13:45:34.934757Z",
    "level": "ERROR",
    "threadName": "Thread-2",
    "processName": "MainProcess",
    "msecs": 934.5202445983887,
    "process": 48935,
    "filename": "views.py",
    "funcName": "post",
    "lineno": 86,
    "name": "project_management"
}
{
    "message": "error while creating the user",
    "class_name": "RegistrationAPIView",
    "request_method": "POST",
    "method_name": "post",
    "errors": "duplicate key value violates unique constraint \"accounts_user_email_key\"\nDETAIL:  Key (email)=(abbasshaikh510@gmail.com) already exists.\n",
    "timestamp": "2022-01-25T13:51:50.945132Z",
    "level": "ERROR",
    "threadName": "Thread-2",
    "processName": "MainProcess",
    "msecs": 944.8444843292236,
    "process": 49555,
    "filename": "views.py",
    "funcName": "post",
    "lineno": 86,
    "name": "project_management"
}
{
    "message": "error while creating the user",
    "class_name": "RegistrationAPIView",
    "request_method": "POST",
    "method_name": "post",
    "errors": "duplicate key value violates unique constraint \"accounts_user_email_key\"\nDETAIL:  Key (email)=(abbasshaikh510@gmail.com) already exists.\n",
    "timestamp": "2022-01-25T13:59:51.399787Z",
    "level": "ERROR",
    "threadName": "Thread-2",
    "processName": "MainProcess",
    "msecs": 399.5857238769531,
    "process": 50582,
    "filename": "views.py",
    "funcName": "post",
    "lineno": 86,
    "name": "project_management"
}
{
    "message": "error while creating the user",
    "class_name": "RegistrationAPIView",
    "request_method": "POST",
    "method_name": "post",
    "errors": "duplicate key value violates unique constraint \"accounts_user_email_key\"\nDETAIL:  Key (email)=(abbasshaikh510@gmail.com) already exists.\n",
    "timestamp": "2022-01-25T14:00:00.967951Z",
    "level": "ERROR",
    "threadName": "Thread-2",
    "processName": "MainProcess",
    "msecs": 967.4687385559082,
    "process": 50582,
    "filename": "views.py",
    "funcName": "post",
    "lineno": 86,
    "name": "project_management"
}
{
    "message": "error while creating the user",
    "class_name": "RegistrationAPIView",
    "request_method": "POST",
    "method_name": "post",
    "errors": "Object of type Request is not JSON serializable",
    "timestamp": "2022-01-27T06:03:15.105959Z",
    "level": "ERROR",
    "threadName": "Thread-2",
    "processName": "MainProcess",
    "msecs": 105.76701164245605,
    "process": 15857,
    "filename": "views.py",
    "funcName": "post",
    "lineno": 85,
    "name": "project_management"
}
{
    "message": "error while creating the user",
    "class_name": "RegistrationAPIView",
    "request_method": "POST",
    "method_name": "post",
    "errors": "Object of type Request is not JSON serializable",
    "timestamp": "2022-01-27T06:13:06.087665Z",
    "level": "ERROR",
    "threadName": "Thread-2",
    "processName": "MainProcess",
    "msecs": 87.3110294342041,
    "process": 17508,
    "filename": "views.py",
    "funcName": "post",
    "lineno": 86,
    "name": "project_management"
}
{
    "message": "error while creating the user",
    "class_name": "RegistrationAPIView",
    "request_method": "POST",
    "method_name": "post",
    "errors": "Object of type function is not JSON serializable",
    "timestamp": "2022-01-27T06:26:52.736105Z",
    "level": "ERROR",
    "threadName": "Thread-2",
    "processName": "MainProcess",
    "msecs": 735.9423637390137,
    "process": 18735,
    "filename": "views.py",
    "funcName": "post",
    "lineno": 86,
    "name": "project_management"
}
{
    "message": "error while creating the user",
    "class_name": "RegistrationAPIView",
    "request_method": "POST",
    "method_name": "post",
    "errors": "duplicate key value violates unique constraint \"accounts_user_email_key\"\nDETAIL:  Key (email)=(abbasshaikh510@gmail.com) already exists.\n",
    "timestamp": "2022-01-28T05:13:53.541186Z",
    "level": "ERROR",
    "threadName": "Thread-2",
    "processName": "MainProcess",
    "msecs": 538.2833480834961,
    "process": 12326,
    "filename": "views.py",
    "funcName": "post",
    "lineno": 74,
    "name": "project_management"
}
